Build started 10/17/2014 9:38:09 PM.
     1>Project "c:\Users\Root\documents\visual studio 2013\Projects\Assignment4Question2\Assignment4Question2\Assignment4Question2.vcxproj" on node 2 (Build target(s)).
     1>ClCompile:
         C:\Program Files\Microsoft Visual Studio 12.0\VC\bin\CL.exe /c /ZI /nologo /W3 /WX- /sdl /Od /Oy- /D WIN32 /D _DEBUG /D _CONSOLE /D _LIB /D _UNICODE /D UNICODE /Gm /EHsc /RTC1 /MDd /GS /fp:precise /Zc:wchar_t /Zc:forScope /Fo"Debug\\" /Fd"Debug\vc120.pdb" /Gd /TP /analyze- /errorReport:prompt Source.cpp
         Source.cpp
       Link:
         C:\Program Files\Microsoft Visual Studio 12.0\VC\bin\link.exe /ERRORREPORT:PROMPT /OUT:"c:\users\root\documents\visual studio 2013\Projects\Assignment4Question2\Debug\Assignment4Question2.exe" /INCREMENTAL /NOLOGO kernel32.lib user32.lib gdi32.lib winspool.lib comdlg32.lib advapi32.lib shell32.lib ole32.lib oleaut32.lib uuid.lib odbc32.lib odbccp32.lib /MANIFEST /MANIFESTUAC:"level='asInvoker' uiAccess='false'" /manifest:embed /DEBUG /PDB:"c:\users\root\documents\visual studio 2013\Projects\Assignment4Question2\Debug\Assignment4Question2.pdb" /SUBSYSTEM:CONSOLE /TLBID:1 /DYNAMICBASE /NXCOMPAT /IMPLIB:"c:\users\root\documents\visual studio 2013\Projects\Assignment4Question2\Debug\Assignment4Question2.lib" /MACHINE:X86 Debug\Source.obj
     1>Source.obj : error LNK2019: unresolved external symbol "int __cdecl to_Number(class std::basic_string<char,struct std::char_traits<char>,class std::allocator<char> >,int)" (?to_Number@@YAHV?$basic_string@DU?$char_traits@D@std@@V?$allocator@D@2@@std@@H@Z) referenced in function _main
     1>c:\users\root\documents\visual studio 2013\Projects\Assignment4Question2\Debug\Assignment4Question2.exe : fatal error LNK1120: 1 unresolved externals
     1>Done Building Project "c:\Users\Root\documents\visual studio 2013\Projects\Assignment4Question2\Assignment4Question2\Assignment4Question2.vcxproj" (Build target(s)) -- FAILED.

Build FAILED.

Time Elapsed 00:00:02.26
